<?xml version="1.0" encoding="UTF-8"?>
<!-- Generated by org.testng.reporters.JUnitXMLReporter -->
<testsuite ignored="0" hostname="SanjogJunankar" failures="0" tests="4" name="BankingApp Test" time="82.237" errors="0" timestamp="2026-03-14T11:58:32 IST">
  <testcase classname="com.inetbanking.testCases.TC_001_LoginTest" name="loginTest" time="5.279"/>
  <testcase classname="com.inetbanking.testCases.TC_003_AddCustomerTest" name="addNewCustomer" time="15.602"/>
  <testcase classname="com.inetbanking.testCases.TC_004_EditCustomerTest" name="editCustomer" time="15.543"/>
  <testcase classname="com.inetbanking.testCases.TC_005_DeleteCustomerTest" name="deleteCustomer" time="10.003"/>
</testsuite> <!-- BankingApp Test -->
