<?xml version="1.0" encoding="UTF-8"?>
<!-- Generated by org.testng.reporters.JUnitXMLReporter -->
<testsuite ignored="0" hostname="SanjogJunankar" failures="0" tests="4" name="BankingApp Test" time="145.908" errors="0" timestamp="2026-03-13T22:37:32 IST">
  <testcase classname="com.inetbanking.testCases.TC_001_LoginTest" name="loginTest" time="17.031"/>
  <testcase classname="com.inetbanking.testCases.TC_003_AddCustomerTest" name="addNewCustomer" time="31.652"/>
  <testcase classname="com.inetbanking.testCases.TC_004_EditCustomerTest" name="editCustomer" time="18.304"/>
  <testcase classname="com.inetbanking.testCases.TC_005_DeleteCustomerTest" name="deleteCustomer" time="13.919"/>
</testsuite> <!-- BankingApp Test -->
