<?xml version="1.0" encoding="UTF-8"?>
<testsuite xmlns:xsi="http://www.w3.org/2001/XMLSchema-instance" xsi:noNamespaceSchemaLocation="https://maven.apache.org/surefire/maven-surefire-plugin/xsd/surefire-test-report-3.0.xsd" version="3.0" name="TestSuite" time="148.299" tests="4" errors="0" skipped="0" failures="0">
  <properties>
[...]
</properties>
  <testcase name="loginTest" classname="com.inetbanking.testCases.TC_001_LoginTest" time="17.018">
    <system-out><![CDATA[2026-03-13 22:35:22 INFO  BaseClass - chrome browser launched and navigated to https://demo.guru99.com/V4/
🔥 onTestStart executed for: loginTest
2026-03-13 22:35:33 INFO  BaseClass - Entered Username
2026-03-13 22:35:33 INFO  BaseClass - Entered Password
2026-03-13 22:35:39 INFO  BaseClass - Login test executed successfully
2026-03-13 22:35:39 INFO  BaseClass - Login test passed
]]></system-out>
    <system-err><![CDATA[Mar 13, 2026 10:35:20 PM org.openqa.selenium.devtools.CdpVersionFinder findNearestMatch
WARNING: Unable to find an exact match for CDP version 146, returning the closest version; found: 143; Please update to a Selenium version that supports CDP version 146
]]></system-err>
  </testcase>
  <testcase name="addNewCustomer" classname="com.inetbanking.testCases.TC_003_AddCustomerTest" time="31.65">
    <system-out><![CDATA[2026-03-13 22:35:40 INFO  BaseClass - Browser closed
2026-03-13 22:35:49 INFO  BaseClass - chrome browser launched and navigated to https://demo.guru99.com/V4/
🔥 onTestStart executed for: addNewCustomer
2026-03-13 22:35:54 INFO  BaseClass - User name is provided
2026-03-13 22:35:54 INFO  BaseClass - Password is provided
2026-03-13 22:36:03 INFO  BaseClass - providing customer details....
2026-03-13 22:36:20 INFO  BaseClass - validation started....
2026-03-13 22:36:20 INFO  BaseClass - test case passed
Generated Customer ID: 59521
]]></system-out>
    <system-err><![CDATA[Mar 13, 2026 10:35:47 PM org.openqa.selenium.devtools.CdpVersionFinder findNearestMatch
WARNING: Unable to find an exact match for CDP version 146, returning the closest version; found: 143; Please update to a Selenium version that supports CDP version 146
]]></system-err>
  </testcase>
  <testcase name="editCustomer" classname="com.inetbanking.testCases.TC_004_EditCustomerTest" time="18.303">
    <system-out><![CDATA[2026-03-13 22:36:21 INFO  BaseClass - Browser closed
2026-03-13 22:36:39 INFO  BaseClass - chrome browser launched and navigated to https://demo.guru99.com/V4/
🔥 onTestStart executed for: editCustomer
2026-03-13 22:36:39 INFO  BaseClass - User name is provided
2026-03-13 22:36:39 INFO  BaseClass - Password is provided
2026-03-13 22:36:48 INFO  BaseClass - Editing customer details
2026-03-13 22:36:49 INFO  BaseClass - Relogin to verify cust details are updated
2026-03-13 22:36:51 INFO  BaseClass - User name is provided
2026-03-13 22:36:51 INFO  BaseClass - Password is provided
2026-03-13 22:36:57 INFO  BaseClass - Customer details sucessfully updated
]]></system-out>
    <system-err><![CDATA[Mar 13, 2026 10:36:33 PM org.openqa.selenium.devtools.CdpVersionFinder findNearestMatch
WARNING: Unable to find an exact match for CDP version 146, returning the closest version; found: 143; Please update to a Selenium version that supports CDP version 146
]]></system-err>
  </testcase>
  <testcase name="deleteCustomer" classname="com.inetbanking.testCases.TC_005_DeleteCustomerTest" time="13.918">
    <system-out><![CDATA[2026-03-13 22:36:57 INFO  BaseClass - Browser closed
2026-03-13 22:37:18 INFO  BaseClass - chrome browser launched and navigated to https://demo.guru99.com/V4/
🔥 onTestStart executed for: deleteCustomer
2026-03-13 22:37:18 INFO  BaseClass - User name is provided
2026-03-13 22:37:18 INFO  BaseClass - Password is provided
2026-03-13 22:37:27 INFO  BaseClass - User name is provided
2026-03-13 22:37:27 INFO  BaseClass - Password is provided
2026-03-13 22:37:32 INFO  BaseClass - Customer sucessfully deleted
]]></system-out>
    <system-err><![CDATA[Mar 13, 2026 10:37:12 PM org.openqa.selenium.devtools.CdpVersionFinder findNearestMatch
WARNING: Unable to find an exact match for CDP version 146, returning the closest version; found: 143; Please update to a Selenium version that supports CDP version 146
]]></system-err>
  </testcase>
</testsuite>