<?xml version="1.0" encoding="UTF-8"?>
<testng-results ignored="0" total="4" passed="4" failed="0" skipped="0">
  <reporter-output>
  </reporter-output>
  <suite started-at="2026-03-14T11:57:10 IST" name="InetBankingV1" finished-at="2026-03-14T11:58:32 IST" duration-ms="82237">
    <groups>
    </groups>
    <test started-at="2026-03-14T11:57:10 IST" name="BankingApp Test" finished-at="2026-03-14T11:58:32 IST" duration-ms="82237">
      <class name="com.inetbanking.testCases.TC_001_LoginTest">
        <test-method is-config="true" signature="setup(java.lang.String)[pri:0, instance:com.inetbanking.testCases.TC_001_LoginTest@408a247c]" started-at="2026-03-14T11:57:10 IST" name="setup" finished-at="2026-03-14T11:57:17 IST" duration-ms="6916" status="PASS">
          <params>
            <param index="0">
              <value>
                <![CDATA[chrome]]>
              </value>
            </param>
          </params>
          <reporter-output>
          </reporter-output>
        </test-method> <!-- setup -->
        <test-method signature="loginTest()[pri:0, instance:com.inetbanking.testCases.TC_001_LoginTest@408a247c]" started-at="2026-03-14T11:57:17 IST" name="loginTest" finished-at="2026-03-14T11:57:22 IST" duration-ms="5279" status="PASS">
          <reporter-output>
          </reporter-output>
        </test-method> <!-- loginTest -->
        <test-method is-config="true" signature="logout()[pri:0, instance:com.inetbanking.testCases.TC_001_LoginTest@408a247c]" started-at="2026-03-14T11:57:22 IST" name="logout" finished-at="2026-03-14T11:57:24 IST" duration-ms="1825" status="PASS">
          <reporter-output>
          </reporter-output>
        </test-method> <!-- logout -->
        <test-method is-config="true" signature="tearDown()[pri:0, instance:com.inetbanking.testCases.TC_001_LoginTest@408a247c]" started-at="2026-03-14T11:57:24 IST" name="tearDown" finished-at="2026-03-14T11:57:24 IST" duration-ms="258" status="PASS">
          <reporter-output>
          </reporter-output>
        </test-method> <!-- tearDown -->
      </class> <!-- com.inetbanking.testCases.TC_001_LoginTest -->
      <class name="com.inetbanking.testCases.TC_003_AddCustomerTest">
        <test-method is-config="true" signature="setup(java.lang.String)[pri:0, instance:com.inetbanking.testCases.TC_003_AddCustomerTest@5f5b5ca4]" started-at="2026-03-14T11:57:24 IST" name="setup" finished-at="2026-03-14T11:57:30 IST" duration-ms="5897" status="PASS">
          <params>
            <param index="0">
              <value>
                <![CDATA[chrome]]>
              </value>
            </param>
          </params>
          <reporter-output>
          </reporter-output>
        </test-method> <!-- setup -->
        <test-method signature="addNewCustomer()[pri:0, instance:com.inetbanking.testCases.TC_003_AddCustomerTest@5f5b5ca4]" started-at="2026-03-14T11:57:30 IST" name="addNewCustomer" finished-at="2026-03-14T11:57:46 IST" duration-ms="15602" status="PASS">
          <reporter-output>
          </reporter-output>
        </test-method> <!-- addNewCustomer -->
        <test-method is-config="true" signature="logout()[pri:0, instance:com.inetbanking.testCases.TC_003_AddCustomerTest@5f5b5ca4]" started-at="2026-03-14T11:57:46 IST" name="logout" finished-at="2026-03-14T11:57:49 IST" duration-ms="3420" status="PASS">
          <reporter-output>
          </reporter-output>
        </test-method> <!-- logout -->
        <test-method is-config="true" signature="tearDown()[pri:0, instance:com.inetbanking.testCases.TC_003_AddCustomerTest@5f5b5ca4]" started-at="2026-03-14T11:57:49 IST" name="tearDown" finished-at="2026-03-14T11:57:50 IST" duration-ms="229" status="PASS">
          <reporter-output>
          </reporter-output>
        </test-method> <!-- tearDown -->
      </class> <!-- com.inetbanking.testCases.TC_003_AddCustomerTest -->
      <class name="com.inetbanking.testCases.TC_004_EditCustomerTest">
        <test-method is-config="true" signature="setup(java.lang.String)[pri:0, instance:com.inetbanking.testCases.TC_004_EditCustomerTest@18388a3c]" started-at="2026-03-14T11:57:50 IST" name="setup" finished-at="2026-03-14T11:57:56 IST" duration-ms="5944" status="PASS">
          <params>
            <param index="0">
              <value>
                <![CDATA[chrome]]>
              </value>
            </param>
          </params>
          <reporter-output>
          </reporter-output>
        </test-method> <!-- setup -->
        <test-method signature="editCustomer()[pri:0, instance:com.inetbanking.testCases.TC_004_EditCustomerTest@18388a3c]" started-at="2026-03-14T11:57:56 IST" name="editCustomer" finished-at="2026-03-14T11:58:11 IST" depends-on-methods="addNewCustomer" duration-ms="15543" status="PASS">
          <reporter-output>
          </reporter-output>
        </test-method> <!-- editCustomer -->
        <test-method is-config="true" signature="logout()[pri:0, instance:com.inetbanking.testCases.TC_004_EditCustomerTest@18388a3c]" started-at="2026-03-14T11:58:11 IST" name="logout" finished-at="2026-03-14T11:58:13 IST" duration-ms="1765" status="PASS">
          <reporter-output>
          </reporter-output>
        </test-method> <!-- logout -->
        <test-method is-config="true" signature="tearDown()[pri:0, instance:com.inetbanking.testCases.TC_004_EditCustomerTest@18388a3c]" started-at="2026-03-14T11:58:13 IST" name="tearDown" finished-at="2026-03-14T11:58:13 IST" duration-ms="245" status="PASS">
          <reporter-output>
          </reporter-output>
        </test-method> <!-- tearDown -->
      </class> <!-- com.inetbanking.testCases.TC_004_EditCustomerTest -->
      <class name="com.inetbanking.testCases.TC_005_DeleteCustomerTest">
        <test-method is-config="true" signature="setup(java.lang.String)[pri:0, instance:com.inetbanking.testCases.TC_005_DeleteCustomerTest@1d035be3]" started-at="2026-03-14T11:58:13 IST" name="setup" finished-at="2026-03-14T11:58:20 IST" duration-ms="6446" status="PASS">
          <params>
            <param index="0">
              <value>
                <![CDATA[chrome]]>
              </value>
            </param>
          </params>
          <reporter-output>
          </reporter-output>
        </test-method> <!-- setup -->
        <test-method signature="deleteCustomer()[pri:0, instance:com.inetbanking.testCases.TC_005_DeleteCustomerTest@1d035be3]" started-at="2026-03-14T11:58:20 IST" name="deleteCustomer" finished-at="2026-03-14T11:58:30 IST" depends-on-methods="editCustomer" duration-ms="10003" status="PASS">
          <reporter-output>
          </reporter-output>
        </test-method> <!-- deleteCustomer -->
        <test-method is-config="true" signature="logout()[pri:0, instance:com.inetbanking.testCases.TC_005_DeleteCustomerTest@1d035be3]" started-at="2026-03-14T11:58:30 IST" name="logout" finished-at="2026-03-14T11:58:32 IST" duration-ms="2570" status="PASS">
          <reporter-output>
          </reporter-output>
        </test-method> <!-- logout -->
        <test-method is-config="true" signature="tearDown()[pri:0, instance:com.inetbanking.testCases.TC_005_DeleteCustomerTest@1d035be3]" started-at="2026-03-14T11:58:32 IST" name="tearDown" finished-at="2026-03-14T11:58:32 IST" duration-ms="218" status="PASS">
          <reporter-output>
          </reporter-output>
        </test-method> <!-- tearDown -->
      </class> <!-- com.inetbanking.testCases.TC_005_DeleteCustomerTest -->
    </test> <!-- BankingApp Test -->
  </suite> <!-- InetBankingV1 -->
</testng-results>
